<?xml version="1.0" encoding="UTF-8"?>
<!-- Generated by org.testng.reporters.JUnitReportReporter -->
<testsuite hostname="Ulas" failures="0" tests="4" name="api.test.UserTests" time="3.715" errors="0" timestamp="2023-01-24T15:31:39 CST" skipped="0">
  <testcase classname="api.test.UserTests" name="testPostUser" time="1.822"/>
  <system-out/>
  <testcase classname="api.test.UserTests" name="testGetUserByName" time="0.465"/>
  <system-out/>
  <testcase classname="api.test.UserTests" name="testUpdateUserByName" time="0.972"/>
  <system-out/>
  <testcase classname="api.test.UserTests" name="testDeleteUserByName" time="0.456"/>
  <system-out/>
</testsuite> <!-- api.test.UserTests -->
